<?xml version="1.0" encoding="UTF-8"?>
<testng-results skipped="0" failed="0" total="2" passed="2">
  <reporter-output>
  </reporter-output>
  <suite name="Suite" duration-ms="58359" started-at="2017-11-21T12:04:48Z" finished-at="2017-11-21T12:05:46Z">
    <groups>
    </groups>
    <test name="Test" duration-ms="58359" started-at="2017-11-21T12:04:48Z" finished-at="2017-11-21T12:05:46Z">
      <class name="com.onesource.test.TC_ManageBluePrint_002">
        <test-method status="PASS" signature="beforeMethod(java.lang.String, java.lang.String, java.lang.String)[pri:0, instance:com.onesource.test.TC_ManageBluePrint_002@9629756]" name="beforeMethod" is-config="true" duration-ms="12221" started-at="2017-11-21T17:35:12Z" finished-at="2017-11-21T17:35:24Z">
          <params>
            <param index="0">
              <value>
                <![CDATA[data_001]]>
              </value>
            </param>
            <param index="1">
              <value>
                <![CDATA[ObjectName]]>
              </value>
            </param>
            <param index="2">
              <value>
                <![CDATA[Objects]]>
              </value>
            </param>
          </params>
          <reporter-output>
          </reporter-output>
        </test-method> <!-- beforeMethod -->
        <test-method status="PASS" signature="test()[pri:0, instance:com.onesource.test.TC_ManageBluePrint_002@9629756]" name="test" duration-ms="21528" started-at="2017-11-21T17:35:24Z" finished-at="2017-11-21T17:35:46Z">
          <reporter-output>
          </reporter-output>
        </test-method> <!-- test -->
        <test-method status="PASS" signature="afterMethod()[pri:0, instance:com.onesource.test.TC_ManageBluePrint_002@9629756]" name="afterMethod" is-config="true" duration-ms="795" started-at="2017-11-21T17:35:46Z" finished-at="2017-11-21T17:35:46Z">
          <reporter-output>
          </reporter-output>
        </test-method> <!-- afterMethod -->
      </class> <!-- com.onesource.test.TC_ManageBluePrint_002 -->
      <class name="com.onesource.test.TC_Login_001">
        <test-method status="PASS" signature="beforeMethod(java.lang.String)[pri:0, instance:com.onesource.test.TC_Login_001@68be2bc2]" name="beforeMethod" is-config="true" duration-ms="12165" started-at="2017-11-21T17:34:48Z" finished-at="2017-11-21T17:35:00Z">
          <params>
            <param index="0">
              <value>
                <![CDATA[data_001]]>
              </value>
            </param>
          </params>
          <reporter-output>
          </reporter-output>
        </test-method> <!-- beforeMethod -->
        <test-method status="PASS" signature="test()[pri:0, instance:com.onesource.test.TC_Login_001@68be2bc2]" name="test" duration-ms="10554" started-at="2017-11-21T17:35:00Z" finished-at="2017-11-21T17:35:11Z">
          <reporter-output>
          </reporter-output>
        </test-method> <!-- test -->
        <test-method status="PASS" signature="afterMethod()[pri:0, instance:com.onesource.test.TC_Login_001@68be2bc2]" name="afterMethod" is-config="true" duration-ms="1079" started-at="2017-11-21T17:35:11Z" finished-at="2017-11-21T17:35:12Z">
          <reporter-output>
          </reporter-output>
        </test-method> <!-- afterMethod -->
      </class> <!-- com.onesource.test.TC_Login_001 -->
    </test> <!-- Test -->
  </suite> <!-- Suite -->
</testng-results>
